The system is: Linux - 5.4.72-microsoft-standard-WSL2 - x86_64
Compiling the C compiler identification source file "CMakeCCompilerId.c" succeeded.
Compiler: /usr/bin/cc 
Build flags: 
Id flags:  

The output was:
0


Compilation of the C compiler identification source "CMakeCCompilerId.c" produced "a.out"

The C compiler identification is GNU, found in "/mnt/c/Users/aschw/CLionProjects/Algoritmos 2/Labo 3/ejercitacion_punteros/cmake-build-default-wsl/CMakeFiles/3.13.4/CompilerIdC/a.out"

Compiling the CXX compiler identification source file "CMakeCXXCompilerId.cpp" succeeded.
Compiler: /usr/bin/c++ 
Build flags: 
Id flags:  

The output was:
0


Compilation of the CXX compiler identification source "CMakeCXXCompilerId.cpp" produced "a.out"

The CXX compiler identification is GNU, found in "/mnt/c/Users/aschw/CLionProjects/Algoritmos 2/Labo 3/ejercitacion_punteros/cmake-build-default-wsl/CMakeFiles/3.13.4/CompilerIdCXX/a.out"

Determining if the C compiler works passed with the following output:
Change Dir: /mnt/c/Users/aschw/CLionProjects/Algoritmos 2/Labo 3/ejercitacion_punteros/cmake-build-default-wsl/CMakeFiles/CMakeTmp

Run Build Command:"/usr/bin/make" "cmTC_6af28/fast"
/usr/bin/make -f CMakeFiles/cmTC_6af28.dir/build.make CMakeFiles/cmTC_6af28.dir/build
make[1]: Entering directory '/mnt/c/Users/aschw/CLionProjects/Algoritmos 2/Labo 3/ejercitacion_punteros/cmake-build-default-wsl/CMakeFiles/CMakeTmp'
Building C object CMakeFiles/cmTC_6af28.dir/testCCompiler.c.o
/usr/bin/cc    -o CMakeFiles/cmTC_6af28.dir/testCCompiler.c.o   -c "/mnt/c/Users/aschw/CLionProjects/Algoritmos 2/Labo 3/ejercitacion_punteros/cmake-build-default-wsl/CMakeFiles/CMakeTmp/testCCompiler.c"
Linking C executable cmTC_6af28
/usr/bin/cmake -E cmake_link_script CMakeFiles/cmTC_6af28.dir/link.txt --verbose=1
/usr/bin/cc      CMakeFiles/cmTC_6af28.dir/testCCompiler.c.o  -o cmTC_6af28 
make[1]: Leaving directory '/mnt/c/Users/aschw/CLionProjects/Algoritmos 2/Labo 3/ejercitacion_punteros/cmake-build-default-wsl/CMakeFiles/CMakeTmp'


Determining if the CXX compiler works passed with the following output:
Change Dir: /mnt/c/Users/aschw/CLionProjects/Algoritmos 2/Labo 3/ejercitacion_punteros/cmake-build-default-wsl/CMakeFiles/CMakeTmp

Run Build Command:"/usr/bin/make" "cmTC_551f5/fast"
/usr/bin/make -f CMakeFiles/cmTC_551f5.dir/build.make CMakeFiles/cmTC_551f5.dir/build
make[1]: Entering directory '/mnt/c/Users/aschw/CLionProjects/Algoritmos 2/Labo 3/ejercitacion_punteros/cmake-build-default-wsl/CMakeFiles/CMakeTmp'
Building CXX object CMakeFiles/cmTC_551f5.dir/testCXXCompiler.cxx.o
/usr/bin/c++     -o CMakeFiles/cmTC_551f5.dir/testCXXCompiler.cxx.o -c "/mnt/c/Users/aschw/CLionProjects/Algoritmos 2/Labo 3/ejercitacion_punteros/cmake-build-default-wsl/CMakeFiles/CMakeTmp/testCXXCompiler.cxx"
Linking CXX executable cmTC_551f5
/usr/bin/cmake -E cmake_link_script CMakeFiles/cmTC_551f5.dir/link.txt --verbose=1
/usr/bin/c++       CMakeFiles/cmTC_551f5.dir/testCXXCompiler.cxx.o  -o cmTC_551f5 
make[1]: Leaving directory '/mnt/c/Users/aschw/CLionProjects/Algoritmos 2/Labo 3/ejercitacion_punteros/cmake-build-default-wsl/CMakeFiles/CMakeTmp'


